<?xml version="1.0" encoding="UTF-8"?>
<testsuite name="LastPencilTest" tests="1" skipped="0" failures="0" errors="0" timestamp="2024-07-11T12:38:07" hostname="SIS-A00152" time="0.405">
  <properties/>
  <testcase name="start" classname="LastPencilTest" time="0.405"/>
  <system-out><![CDATA[?[1;31m
Start test 1?[0m
How many pencils would you like to use?
> 0
0 + 0
The number of pencils should be positive
> a
The number of pencils should be numeric
> 0
0 + 0
The number of pencils should be positive
> 1
Who will be the first (Dante, Vergil)
?[1;31m
Start test 2?[0m
How many pencils would you like to use?
> 0
0 + 0
The number of pencils should be positive
> 0
0 + 0
The number of pencils should be positive
> 0
0 + 0
The number of pencils should be positive
> 0
0 + 0
The number of pencils should be positive
> 0
0 + 0
The number of pencils should be positive
?[1;31m
Start test 3?[0m
How many pencils would you like to use?
> a
The number of pencils should be numeric
?[1;31m
Start test 4?[0m
How many pencils would you like to use?
> _
The number of pencils should be numeric
?[1;31m
Start test 5?[0m
How many pencils would you like to use?
> test
The number of pencils should be numeric
?[1;31m
Start test 6?[0m
How many pencils would you like to use?
> |
The number of pencils should be numeric
?[1;31m
Start test 7?[0m
How many pencils would you like to use?
> |||||
The number of pencils should be numeric
?[1;31m
Start test 8?[0m
How many pencils would you like to use?
>  
The number of pencils should be numeric
?[1;31m
Start test 9?[0m
How many pencils would you like to use?
> -
The number of pencils should be numeric
?[1;31m
Start test 10?[0m
How many pencils would you like to use?
> two
The number of pencils should be numeric
?[1;31m
Start test 11?[0m
How many pencils would you like to use?
> 10g
The number of pencils should be numeric
?[1;31m
Start test 12?[0m
How many pencils would you like to use?
> k5
The number of pencils should be numeric
?[1;31m
Start test 13?[0m
How many pencils would you like to use?
> -0.2
The number of pencils should be numeric
?[1;31m
Start test 14?[0m
How many pencils would you like to use?
> 0.3
The number of pencils should be numeric
?[1;31m
Start test 15?[0m
How many pencils would you like to use?
> 1
Who will be the first (Dante, Vergil)
?[1;31m
Start test 16?[0m
How many pencils would you like to use?
> 5
Who will be the first (Dante, Vergil)
> DanteVergil
Choose between Dante and Vergil
> DanteVergil
Choose between Dante and Vergil
> DanteVergil
Choose between Dante and Vergil
> DanteVergil
Choose between Dante and Vergil
> DanteVergil
Choose between Dante and Vergil
> Dante
|||||
Dante's turn
> 4
Possible values: '1', '2', '3'
> a
Possible values: '1', '2', '3'
> 0
Possible values: '1', '2', '3'
> -1
Possible values: '1', '2', '3'
> _
Possible values: '1', '2', '3'
> |
Possible values: '1', '2', '3'
> |||||
Possible values: '1', '2', '3'
> 2
|||
Vergil's turn
> 4
Possible values: '1', '2', '3'
> a
Possible values: '1', '2', '3'
> 0
Possible values: '1', '2', '3'
> -1
Possible values: '1', '2', '3'
> _
Possible values: '1', '2', '3'
> |
Possible values: '1', '2', '3'
> |||||
Possible values: '1', '2', '3'
> 1
||
Dante's turn
> 3
Too many pencils were taken
> 2
Vergil won
?[1;31m
Start test 17?[0m
How many pencils would you like to use?
> 20
Who will be the first (Dante, Vergil)
> DanteVergil
Choose between Dante and Vergil
> DanteVergil
Choose between Dante and Vergil
> DanteVergil
Choose between Dante and Vergil
> DanteVergil
Choose between Dante and Vergil
> DanteVergil
Choose between Dante and Vergil
> Dante
||||||||||||||||||||
Dante's turn
> 4
Possible values: '1', '2', '3'
> a
Possible values: '1', '2', '3'
> 0
Possible values: '1', '2', '3'
> -1
Possible values: '1', '2', '3'
> _
Possible values: '1', '2', '3'
> |
Possible values: '1', '2', '3'
> |||||
Possible values: '1', '2', '3'
> 3
|||||||||||||||||
Vergil's turn
> 4
Possible values: '1', '2', '3'
> a
Possible values: '1', '2', '3'
> 0
Possible values: '1', '2', '3'
> -1
Possible values: '1', '2', '3'
> _
Possible values: '1', '2', '3'
> |
Possible values: '1', '2', '3'
> |||||
Possible values: '1', '2', '3'
> 2
|||||||||||||||
Dante's turn
> 4
Possible values: '1', '2', '3'
> a
Possible values: '1', '2', '3'
> 0
Possible values: '1', '2', '3'
> -1
Possible values: '1', '2', '3'
> _
Possible values: '1', '2', '3'
> |
Possible values: '1', '2', '3'
> |||||
Possible values: '1', '2', '3'
> 3
||||||||||||
Vergil's turn
> 4
Possible values: '1', '2', '3'
> a
Possible values: '1', '2', '3'
> 0
Possible values: '1', '2', '3'
> -1
Possible values: '1', '2', '3'
> _
Possible values: '1', '2', '3'
> |
Possible values: '1', '2', '3'
> |||||
Possible values: '1', '2', '3'
> 1
|||||||||||
Dante's turn
> 4
Possible values: '1', '2', '3'
> a
Possible values: '1', '2', '3'
> 0
Possible values: '1', '2', '3'
> -1
Possible values: '1', '2', '3'
> _
Possible values: '1', '2', '3'
> |
Possible values: '1', '2', '3'
> |||||
Possible values: '1', '2', '3'
> 2
|||||||||
Vergil's turn
> 4
Possible values: '1', '2', '3'
> a
Possible values: '1', '2', '3'
> 0
Possible values: '1', '2', '3'
> -1
Possible values: '1', '2', '3'
> _
Possible values: '1', '2', '3'
> |
Possible values: '1', '2', '3'
> |||||
Possible values: '1', '2', '3'
> 3
||||||
Dante's turn
> 4
Possible values: '1', '2', '3'
> a
Possible values: '1', '2', '3'
> 0
Possible values: '1', '2', '3'
> -1
Possible values: '1', '2', '3'
> _
Possible values: '1', '2', '3'
> |
Possible values: '1', '2', '3'
> |||||
Possible values: '1', '2', '3'
> 3
|||
Vergil's turn
> 4
Possible values: '1', '2', '3'
> a
Possible values: '1', '2', '3'
> 0
Possible values: '1', '2', '3'
> -1
Possible values: '1', '2', '3'
> _
Possible values: '1', '2', '3'
> |
Possible values: '1', '2', '3'
> |||||
Possible values: '1', '2', '3'
> 2
|
Dante's turn
> 2
Too many pencils were taken
> 1
Vergil won
?[1;31m
Start test 18?[0m
How many pencils would you like to use?
> 30
Who will be the first (Dante, Vergil)
> DanteVergil
Choose between Dante and Vergil
> DanteVergil
Choose between Dante and Vergil
> DanteVergil
Choose between Dante and Vergil
> DanteVergil
Choose between Dante and Vergil
> DanteVergil
Choose between Dante and Vergil
> Dante
||||||||||||||||||||||||||||||
Dante's turn
> 4
Possible values: '1', '2', '3'
> a
Possible values: '1', '2', '3'
> 0
Possible values: '1', '2', '3'
> -1
Possible values: '1', '2', '3'
> _
Possible values: '1', '2', '3'
> |
Possible values: '1', '2', '3'
> |||||
Possible values: '1', '2', '3'
> 3
|||||||||||||||||||||||||||
Vergil's turn
> 4
Possible values: '1', '2', '3'
> a
Possible values: '1', '2', '3'
> 0
Possible values: '1', '2', '3'
> -1
Possible values: '1', '2', '3'
> _
Possible values: '1', '2', '3'
> |
Possible values: '1', '2', '3'
> |||||
Possible values: '1', '2', '3'
> 2
|||||||||||||||||||||||||
Dante's turn
> 4
Possible values: '1', '2', '3'
> a
Possible values: '1', '2', '3'
> 0
Possible values: '1', '2', '3'
> -1
Possible values: '1', '2', '3'
> _
Possible values: '1', '2', '3'
> |
Possible values: '1', '2', '3'
> |||||
Possible values: '1', '2', '3'
> 3
||||||||||||||||||||||
Vergil's turn
> 4
Possible values: '1', '2', '3'
> a
Possible values: '1', '2', '3'
> 0
Possible values: '1', '2', '3'
> -1
Possible values: '1', '2', '3'
> _
Possible values: '1', '2', '3'
> |
Possible values: '1', '2', '3'
> |||||
Possible values: '1', '2', '3'
> 1
|||||||||||||||||||||
Dante's turn
> 4
Possible values: '1', '2', '3'
> a
Possible values: '1', '2', '3'
> 0
Possible values: '1', '2', '3'
> -1
Possible values: '1', '2', '3'
> _
Possible values: '1', '2', '3'
> |
Possible values: '1', '2', '3'
> |||||
Possible values: '1', '2', '3'
> 2
|||||||||||||||||||
Vergil's turn
> 4
Possible values: '1', '2', '3'
> a
Possible values: '1', '2', '3'
> 0
Possible values: '1', '2', '3'
> -1
Possible values: '1', '2', '3'
> _
Possible values: '1', '2', '3'
> |
Possible values: '1', '2', '3'
> |||||
Possible values: '1', '2', '3'
> 3
||||||||||||||||
Dante's turn
> 4
Possible values: '1', '2', '3'
> a
Possible values: '1', '2', '3'
> 0
Possible values: '1', '2', '3'
> -1
Possible values: '1', '2', '3'
> _
Possible values: '1', '2', '3'
> |
Possible values: '1', '2', '3'
> |||||
Possible values: '1', '2', '3'
> 3
|||||||||||||
Vergil's turn
> 4
Possible values: '1', '2', '3'
> a
Possible values: '1', '2', '3'
> 0
Possible values: '1', '2', '3'
> -1
Possible values: '1', '2', '3'
> _
Possible values: '1', '2', '3'
> |
Possible values: '1', '2', '3'
> |||||
Possible values: '1', '2', '3'
> 3
||||||||||
Dante's turn
> 4
Possible values: '1', '2', '3'
> a
Possible values: '1', '2', '3'
> 0
Possible values: '1', '2', '3'
> -1
Possible values: '1', '2', '3'
> _
Possible values: '1', '2', '3'
> |
Possible values: '1', '2', '3'
> |||||
Possible values: '1', '2', '3'
> 2
||||||||
Vergil's turn
> 4
Possible values: '1', '2', '3'
> a
Possible values: '1', '2', '3'
> 0
Possible values: '1', '2', '3'
> -1
Possible values: '1', '2', '3'
> _
Possible values: '1', '2', '3'
> |
Possible values: '1', '2', '3'
> |||||
Possible values: '1', '2', '3'
> 3
|||||
Dante's turn
> 4
Possible values: '1', '2', '3'
> a
Possible values: '1', '2', '3'
> 0
Possible values: '1', '2', '3'
> -1
Possible values: '1', '2', '3'
> _
Possible values: '1', '2', '3'
> |
Possible values: '1', '2', '3'
> |||||
Possible values: '1', '2', '3'
> 3
||
Vergil's turn
> 3
Too many pencils were taken
> 2
Dante won
?[1;31m
Start test 19?[0m
How many pencils would you like to use?
> 5
Who will be the first (Dante, Vergil)
> DanteVergil
Choose between Dante and Vergil
> DanteVergil
Choose between Dante and Vergil
> DanteVergil
Choose between Dante and Vergil
> DanteVergil
Choose between Dante and Vergil
> DanteVergil
Choose between Dante and Vergil
> Vergil
|||||
Vergil's turn
> 4
Possible values: '1', '2', '3'
> a
Possible values: '1', '2', '3'
> 0
Possible values: '1', '2', '3'
> -1
Possible values: '1', '2', '3'
> _
Possible values: '1', '2', '3'
> |
Possible values: '1', '2', '3'
> |||||
Possible values: '1', '2', '3'
> 2
|||
Dante's turn
> 4
Possible values: '1', '2', '3'
> a
Possible values: '1', '2', '3'
> 0
Possible values: '1', '2', '3'
> -1
Possible values: '1', '2', '3'
> _
Possible values: '1', '2', '3'
> |
Possible values: '1', '2', '3'
> |||||
Possible values: '1', '2', '3'
> 1
||
Vergil's turn
> 3
Too many pencils were taken
> 2
Dante won
?[1;31m
Start test 20?[0m
How many pencils would you like to use?
> 20
Who will be the first (Dante, Vergil)
> DanteVergil
Choose between Dante and Vergil
> DanteVergil
Choose between Dante and Vergil
> DanteVergil
Choose between Dante and Vergil
> DanteVergil
Choose between Dante and Vergil
> DanteVergil
Choose between Dante and Vergil
> Vergil
||||||||||||||||||||
Vergil's turn
> 4
Possible values: '1', '2', '3'
> a
Possible values: '1', '2', '3'
> 0
Possible values: '1', '2', '3'
> -1
Possible values: '1', '2', '3'
> _
Possible values: '1', '2', '3'
> |
Possible values: '1', '2', '3'
> |||||
Possible values: '1', '2', '3'
> 3
|||||||||||||||||
Dante's turn
> 4
Possible values: '1', '2', '3'
> a
Possible values: '1', '2', '3'
> 0
Possible values: '1', '2', '3'
> -1
Possible values: '1', '2', '3'
> _
Possible values: '1', '2', '3'
> |
Possible values: '1', '2', '3'
> |||||
Possible values: '1', '2', '3'
> 2
|||||||||||||||
Vergil's turn
> 4
Possible values: '1', '2', '3'
> a
Possible values: '1', '2', '3'
> 0
Possible values: '1', '2', '3'
> -1
Possible values: '1', '2', '3'
> _
Possible values: '1', '2', '3'
> |
Possible values: '1', '2', '3'
> |||||
Possible values: '1', '2', '3'
> 3
||||||||||||
Dante's turn
> 4
Possible values: '1', '2', '3'
> a
Possible values: '1', '2', '3'
> 0
Possible values: '1', '2', '3'
> -1
Possible values: '1', '2', '3'
> _
Possible values: '1', '2', '3'
> |
Possible values: '1', '2', '3'
> |||||
Possible values: '1', '2', '3'
> 1
|||||||||||
Vergil's turn
> 4
Possible values: '1', '2', '3'
> a
Possible values: '1', '2', '3'
> 0
Possible values: '1', '2', '3'
> -1
Possible values: '1', '2', '3'
> _
Possible values: '1', '2', '3'
> |
Possible values: '1', '2', '3'
> |||||
Possible values: '1', '2', '3'
> 2
|||||||||
Dante's turn
> 4
Possible values: '1', '2', '3'
> a
Possible values: '1', '2', '3'
> 0
Possible values: '1', '2', '3'
> -1
Possible values: '1', '2', '3'
> _
Possible values: '1', '2', '3'
> |
Possible values: '1', '2', '3'
> |||||
Possible values: '1', '2', '3'
> 3
||||||
Vergil's turn
> 4
Possible values: '1', '2', '3'
> a
Possible values: '1', '2', '3'
> 0
Possible values: '1', '2', '3'
> -1
Possible values: '1', '2', '3'
> _
Possible values: '1', '2', '3'
> |
Possible values: '1', '2', '3'
> |||||
Possible values: '1', '2', '3'
> 3
|||
Dante's turn
> 4
Possible values: '1', '2', '3'
> a
Possible values: '1', '2', '3'
> 0
Possible values: '1', '2', '3'
> -1
Possible values: '1', '2', '3'
> _
Possible values: '1', '2', '3'
> |
Possible values: '1', '2', '3'
> |||||
Possible values: '1', '2', '3'
> 2
|
Vergil's turn
> 2
Too many pencils were taken
> 1
Dante won
?[1;31m
Start test 21?[0m
How many pencils would you like to use?
> 30
Who will be the first (Dante, Vergil)
> DanteVergil
Choose between Dante and Vergil
> DanteVergil
Choose between Dante and Vergil
> DanteVergil
Choose between Dante and Vergil
> DanteVergil
Choose between Dante and Vergil
> DanteVergil
Choose between Dante and Vergil
> Vergil
||||||||||||||||||||||||||||||
Vergil's turn
> 4
Possible values: '1', '2', '3'
> a
Possible values: '1', '2', '3'
> 0
Possible values: '1', '2', '3'
> -1
Possible values: '1', '2', '3'
> _
Possible values: '1', '2', '3'
> |
Possible values: '1', '2', '3'
> |||||
Possible values: '1', '2', '3'
> 3
|||||||||||||||||||||||||||
Dante's turn
> 4
Possible values: '1', '2', '3'
> a
Possible values: '1', '2', '3'
> 0
Possible values: '1', '2', '3'
> -1
Possible values: '1', '2', '3'
> _
Possible values: '1', '2', '3'
> |
Possible values: '1', '2', '3'
> |||||
Possible values: '1', '2', '3'
> 2
|||||||||||||||||||||||||
Vergil's turn
> 4
Possible values: '1', '2', '3'
> a
Possible values: '1', '2', '3'
> 0
Possible values: '1', '2', '3'
> -1
Possible values: '1', '2', '3'
> _
Possible values: '1', '2', '3'
> |
Possible values: '1', '2', '3'
> |||||
Possible values: '1', '2', '3'
> 3
||||||||||||||||||||||
Dante's turn
> 4
Possible values: '1', '2', '3'
> a
Possible values: '1', '2', '3'
> 0
Possible values: '1', '2', '3'
> -1
Possible values: '1', '2', '3'
> _
Possible values: '1', '2', '3'
> |
Possible values: '1', '2', '3'
> |||||
Possible values: '1', '2', '3'
> 1
|||||||||||||||||||||
Vergil's turn
> 4
Possible values: '1', '2', '3'
> a
Possible values: '1', '2', '3'
> 0
Possible values: '1', '2', '3'
> -1
Possible values: '1', '2', '3'
> _
Possible values: '1', '2', '3'
> |
Possible values: '1', '2', '3'
> |||||
Possible values: '1', '2', '3'
> 2
|||||||||||||||||||
Dante's turn
> 4
Possible values: '1', '2', '3'
> a
Possible values: '1', '2', '3'
> 0
Possible values: '1', '2', '3'
> -1
Possible values: '1', '2', '3'
> _
Possible values: '1', '2', '3'
> |
Possible values: '1', '2', '3'
> |||||
Possible values: '1', '2', '3'
> 3
||||||||||||||||
Vergil's turn
> 4
Possible values: '1', '2', '3'
> a
Possible values: '1', '2', '3'
> 0
Possible values: '1', '2', '3'
> -1
Possible values: '1', '2', '3'
> _
Possible values: '1', '2', '3'
> |
Possible values: '1', '2', '3'
> |||||
Possible values: '1', '2', '3'
> 3
|||||||||||||
Dante's turn
> 4
Possible values: '1', '2', '3'
> a
Possible values: '1', '2', '3'
> 0
Possible values: '1', '2', '3'
> -1
Possible values: '1', '2', '3'
> _
Possible values: '1', '2', '3'
> |
Possible values: '1', '2', '3'
> |||||
Possible values: '1', '2', '3'
> 3
||||||||||
Vergil's turn
> 4
Possible values: '1', '2', '3'
> a
Possible values: '1', '2', '3'
> 0
Possible values: '1', '2', '3'
> -1
Possible values: '1', '2', '3'
> _
Possible values: '1', '2', '3'
> |
Possible values: '1', '2', '3'
> |||||
Possible values: '1', '2', '3'
> 2
||||||||
Dante's turn
> 4
Possible values: '1', '2', '3'
> a
Possible values: '1', '2', '3'
> 0
Possible values: '1', '2', '3'
> -1
Possible values: '1', '2', '3'
> _
Possible values: '1', '2', '3'
> |
Possible values: '1', '2', '3'
> |||||
Possible values: '1', '2', '3'
> 3
|||||
Vergil's turn
> 4
Possible values: '1', '2', '3'
> a
Possible values: '1', '2', '3'
> 0
Possible values: '1', '2', '3'
> -1
Possible values: '1', '2', '3'
> _
Possible values: '1', '2', '3'
> |
Possible values: '1', '2', '3'
> |||||
Possible values: '1', '2', '3'
> 3
||
Dante's turn
> 3
Too many pencils were taken
> 2
Vergil won
]]></system-out>
  <system-err><![CDATA[]]></system-err>
</testsuite>
