<?xml version="1.0" encoding="UTF-8"?>
<testsuite name="LastPencilTest" tests="1" skipped="0" failures="1" errors="0" timestamp="2024-07-15T14:26:52" hostname="SIS-A00152" time="0.651">
  <properties/>
  <testcase name="start" classname="LastPencilTest" time="0.651">
    <failure message="java.lang.AssertionError: Wrong answer in test #24&#10;&#10;When the player provides the correct initial game conditions and if Vergil goes first, your program should print 5 non-empty lines in such order:&#10;2 for Vergil&#10;1 for Vergil's move&#10;2 for Dante&#10;&#10;Please find below the output of your program during this failed test.&#10;Note that the '&gt;' character indicates the beginning of the input line.&#10;&#10;---&#10;&#10;How many pencils would you like to use?&#10;&gt; 2&#10;Who will be the first (Dante, Vergil)&#10;&gt; DanteVergil&#10;Choose between Dante and Vergil&#10;&gt; DanteVergil&#10;Choose between Dante and Vergil&#10;&gt; DanteVergil&#10;Choose between Dante and Vergil&#10;&gt; DanteVergil&#10;Choose between Dante and Vergil&#10;&gt; DanteVergil&#10;Choose between Dante and Vergil&#10;&gt; Vergil&#10;||&#10;Vergil's turn" type="java.lang.AssertionError">java.lang.AssertionError: Wrong answer in test #24

When the player provides the correct initial game conditions and if Vergil goes first, your program should print 5 non-empty lines in such order:
2 for Vergil
1 for Vergil's move
2 for Dante

Please find below the output of your program during this failed test.
Note that the '&gt;' character indicates the beginning of the input line.

---

How many pencils would you like to use?
&gt; 2
Who will be the first (Dante, Vergil)
&gt; DanteVergil
Choose between Dante and Vergil
&gt; DanteVergil
Choose between Dante and Vergil
&gt; DanteVergil
Choose between Dante and Vergil
&gt; DanteVergil
Choose between Dante and Vergil
&gt; DanteVergil
Choose between Dante and Vergil
&gt; Vergil
||
Vergil's turn
	at org.junit.Assert.fail(Assert.java:89)
	at org.hyperskill.hstest.stage.StageTest.start(StageTest.java:203)
	at java.base/jdk.internal.reflect.NativeMethodAccessorImpl.invoke0(Native Method)
	at java.base/jdk.internal.reflect.NativeMethodAccessorImpl.invoke(NativeMethodAccessorImpl.java:77)
	at java.base/jdk.internal.reflect.DelegatingMethodAccessorImpl.invoke(DelegatingMethodAccessorImpl.java:43)
	at java.base/java.lang.reflect.Method.invoke(Method.java:568)
	at org.junit.runners.model.FrameworkMethod$1.runReflectiveCall(FrameworkMethod.java:59)
	at org.junit.internal.runners.model.ReflectiveCallable.run(ReflectiveCallable.java:12)
	at org.junit.runners.model.FrameworkMethod.invokeExplosively(FrameworkMethod.java:56)
	at org.junit.internal.runners.statements.InvokeMethod.evaluate(InvokeMethod.java:17)
	at org.junit.runners.ParentRunner$3.evaluate(ParentRunner.java:306)
	at org.junit.runners.BlockJUnit4ClassRunner$1.evaluate(BlockJUnit4ClassRunner.java:100)
	at org.junit.runners.ParentRunner.runLeaf(ParentRunner.java:366)
	at org.junit.runners.BlockJUnit4ClassRunner.runChild(BlockJUnit4ClassRunner.java:103)
	at org.junit.runners.BlockJUnit4ClassRunner.runChild(BlockJUnit4ClassRunner.java:63)
	at org.junit.runners.ParentRunner$4.run(ParentRunner.java:331)
	at org.junit.runners.ParentRunner$1.schedule(ParentRunner.java:79)
	at org.junit.runners.ParentRunner.runChildren(ParentRunner.java:329)
	at org.junit.runners.ParentRunner.access$100(ParentRunner.java:66)
	at org.junit.runners.ParentRunner$2.evaluate(ParentRunner.java:293)
	at org.junit.runners.ParentRunner$3.evaluate(ParentRunner.java:306)
	at org.junit.runners.ParentRunner.run(ParentRunner.java:413)
	at org.gradle.api.internal.tasks.testing.junit.JUnitTestClassExecutor.runTestClass(JUnitTestClassExecutor.java:108)
	at org.gradle.api.internal.tasks.testing.junit.JUnitTestClassExecutor.execute(JUnitTestClassExecutor.java:57)
	at org.gradle.api.internal.tasks.testing.junit.JUnitTestClassExecutor.execute(JUnitTestClassExecutor.java:39)
	at org.gradle.api.internal.tasks.testing.junit.AbstractJUnitTestClassProcessor.processTestClass(AbstractJUnitTestClassProcessor.java:62)
	at org.gradle.api.internal.tasks.testing.SuiteTestClassProcessor.processTestClass(SuiteTestClassProcessor.java:52)
	at java.base/jdk.internal.reflect.NativeMethodAccessorImpl.invoke0(Native Method)
	at java.base/jdk.internal.reflect.NativeMethodAccessorImpl.invoke(NativeMethodAccessorImpl.java:77)
	at java.base/jdk.internal.reflect.DelegatingMethodAccessorImpl.invoke(DelegatingMethodAccessorImpl.java:43)
	at java.base/java.lang.reflect.Method.invoke(Method.java:568)
	at org.gradle.internal.dispatch.ReflectionDispatch.dispatch(ReflectionDispatch.java:36)
	at org.gradle.internal.dispatch.ReflectionDispatch.dispatch(ReflectionDispatch.java:24)
	at org.gradle.internal.dispatch.ContextClassLoaderDispatch.dispatch(ContextClassLoaderDispatch.java:33)
	at org.gradle.internal.dispatch.ProxyDispatchAdapter$DispatchingInvocationHandler.invoke(ProxyDispatchAdapter.java:94)
	at jdk.proxy1/jdk.proxy1.$Proxy2.processTestClass(Unknown Source)
	at org.gradle.api.internal.tasks.testing.worker.TestWorker$2.run(TestWorker.java:176)
	at org.gradle.api.internal.tasks.testing.worker.TestWorker.executeAndMaintainThreadName(TestWorker.java:129)
	at org.gradle.api.internal.tasks.testing.worker.TestWorker.execute(TestWorker.java:100)
	at org.gradle.api.internal.tasks.testing.worker.TestWorker.execute(TestWorker.java:60)
	at org.gradle.process.internal.worker.child.ActionExecutionWorker.execute(ActionExecutionWorker.java:56)
	at org.gradle.process.internal.worker.child.SystemApplicationClassLoaderWorker.call(SystemApplicationClassLoaderWorker.java:113)
	at org.gradle.process.internal.worker.child.SystemApplicationClassLoaderWorker.call(SystemApplicationClassLoaderWorker.java:65)
	at worker.org.gradle.process.internal.worker.GradleWorkerMain.run(GradleWorkerMain.java:69)
	at worker.org.gradle.process.internal.worker.GradleWorkerMain.main(GradleWorkerMain.java:74)
</failure>
  </testcase>
  <system-out><![CDATA[?[1;31m
Start test 1?[0m
How many pencils would you like to use?
> 0
0 + 0
The number of pencils should be positive
> a
The number of pencils should be numeric
> 0
0 + 0
The number of pencils should be positive
> 1
Who will be the first (Dante, Vergil)
?[1;31m
Start test 2?[0m
How many pencils would you like to use?
> a
The number of pencils should be numeric
?[1;31m
Start test 3?[0m
How many pencils would you like to use?
> _
The number of pencils should be numeric
?[1;31m
Start test 4?[0m
How many pencils would you like to use?
> test
The number of pencils should be numeric
?[1;31m
Start test 5?[0m
How many pencils would you like to use?
> |
The number of pencils should be numeric
?[1;31m
Start test 6?[0m
How many pencils would you like to use?
> |||||
The number of pencils should be numeric
?[1;31m
Start test 7?[0m
How many pencils would you like to use?
>  
The number of pencils should be numeric
?[1;31m
Start test 8?[0m
How many pencils would you like to use?
> -
The number of pencils should be numeric
?[1;31m
Start test 9?[0m
How many pencils would you like to use?
> two
The number of pencils should be numeric
?[1;31m
Start test 10?[0m
How many pencils would you like to use?
> 10g
The number of pencils should be numeric
?[1;31m
Start test 11?[0m
How many pencils would you like to use?
> k5
The number of pencils should be numeric
?[1;31m
Start test 12?[0m
How many pencils would you like to use?
> -0.2
The number of pencils should be numeric
?[1;31m
Start test 13?[0m
How many pencils would you like to use?
> 0.3
The number of pencils should be numeric
?[1;31m
Start test 14?[0m
How many pencils would you like to use?
> 1
Who will be the first (Dante, Vergil)
?[1;31m
Start test 15?[0m
How many pencils would you like to use?
> 2
Who will be the first (Dante, Vergil)
> DanteVergil
Choose between Dante and Vergil
> DanteVergil
Choose between Dante and Vergil
> DanteVergil
Choose between Dante and Vergil
> DanteVergil
Choose between Dante and Vergil
> DanteVergil
Choose between Dante and Vergil
> Dante
||
Dante's turn
> 4
Possible values: '1', '2', '3'
> a
Possible values: '1', '2', '3'
> 0
Possible values: '1', '2', '3'
> -1
Possible values: '1', '2', '3'
> _
Possible values: '1', '2', '3'
> |
Possible values: '1', '2', '3'
> |||||
Possible values: '1', '2', '3'
> 3
Too many pencils were taken
> 2
Vergil won
?[1;31m
Start test 16?[0m
How many pencils would you like to use?
> 3
Who will be the first (Dante, Vergil)
> DanteVergil
Choose between Dante and Vergil
> DanteVergil
Choose between Dante and Vergil
> DanteVergil
Choose between Dante and Vergil
> DanteVergil
Choose between Dante and Vergil
> DanteVergil
Choose between Dante and Vergil
> Dante
|||
Dante's turn
> 4
Possible values: '1', '2', '3'
> a
Possible values: '1', '2', '3'
> 0
Possible values: '1', '2', '3'
> -1
Possible values: '1', '2', '3'
> _
Possible values: '1', '2', '3'
> |
Possible values: '1', '2', '3'
> |||||
Possible values: '1', '2', '3'
> 2
|
Vergil's turn
1
Dante won
?[1;31m
Start test 17?[0m
How many pencils would you like to use?
> 4
Who will be the first (Dante, Vergil)
> DanteVergil
Choose between Dante and Vergil
> DanteVergil
Choose between Dante and Vergil
> DanteVergil
Choose between Dante and Vergil
> DanteVergil
Choose between Dante and Vergil
> DanteVergil
Choose between Dante and Vergil
> Dante
||||
Dante's turn
> 4
Possible values: '1', '2', '3'
> a
Possible values: '1', '2', '3'
> 0
Possible values: '1', '2', '3'
> -1
Possible values: '1', '2', '3'
> _
Possible values: '1', '2', '3'
> |
Possible values: '1', '2', '3'
> |||||
Possible values: '1', '2', '3'
> 2
||
Vergil's turn
1
|
Dante's turn
> 4
Possible values: '1', '2', '3'
> a
Possible values: '1', '2', '3'
> 0
Possible values: '1', '2', '3'
> -1
Possible values: '1', '2', '3'
> _
Possible values: '1', '2', '3'
> |
Possible values: '1', '2', '3'
> |||||
Possible values: '1', '2', '3'
> 1
Vergil won
?[1;31m
Start test 18?[0m
How many pencils would you like to use?
> 5
Who will be the first (Dante, Vergil)
> DanteVergil
Choose between Dante and Vergil
> DanteVergil
Choose between Dante and Vergil
> DanteVergil
Choose between Dante and Vergil
> DanteVergil
Choose between Dante and Vergil
> DanteVergil
Choose between Dante and Vergil
> Dante
|||||
Dante's turn
> 4
Possible values: '1', '2', '3'
> a
Possible values: '1', '2', '3'
> 0
Possible values: '1', '2', '3'
> -1
Possible values: '1', '2', '3'
> _
Possible values: '1', '2', '3'
> |
Possible values: '1', '2', '3'
> |||||
Possible values: '1', '2', '3'
> 1
||||
Vergil's turn
3
|
Dante's turn
> 4
Possible values: '1', '2', '3'
> a
Possible values: '1', '2', '3'
> 0
Possible values: '1', '2', '3'
> -1
Possible values: '1', '2', '3'
> _
Possible values: '1', '2', '3'
> |
Possible values: '1', '2', '3'
> |||||
Possible values: '1', '2', '3'
> 3
Too many pencils were taken
> 1
Vergil won
?[1;31m
Start test 19?[0m
How many pencils would you like to use?
> 9
Who will be the first (Dante, Vergil)
> DanteVergil
Choose between Dante and Vergil
> DanteVergil
Choose between Dante and Vergil
> DanteVergil
Choose between Dante and Vergil
> DanteVergil
Choose between Dante and Vergil
> DanteVergil
Choose between Dante and Vergil
> Dante
|||||||||
Dante's turn
> 4
Possible values: '1', '2', '3'
> a
Possible values: '1', '2', '3'
> 0
Possible values: '1', '2', '3'
> -1
Possible values: '1', '2', '3'
> _
Possible values: '1', '2', '3'
> |
Possible values: '1', '2', '3'
> |||||
Possible values: '1', '2', '3'
> 1
||||||||
Vergil's turn
3
|||||
Dante's turn
> 4
Possible values: '1', '2', '3'
> a
Possible values: '1', '2', '3'
> 0
Possible values: '1', '2', '3'
> -1
Possible values: '1', '2', '3'
> _
Possible values: '1', '2', '3'
> |
Possible values: '1', '2', '3'
> |||||
Possible values: '1', '2', '3'
> 1
||||
Vergil's turn
3
|
Dante's turn
> 4
Possible values: '1', '2', '3'
> a
Possible values: '1', '2', '3'
> 0
Possible values: '1', '2', '3'
> -1
Possible values: '1', '2', '3'
> _
Possible values: '1', '2', '3'
> |
Possible values: '1', '2', '3'
> |||||
Possible values: '1', '2', '3'
> 2
Too many pencils were taken
> 1
Vergil won
?[1;31m
Start test 20?[0m
How many pencils would you like to use?
> 13
Who will be the first (Dante, Vergil)
> DanteVergil
Choose between Dante and Vergil
> DanteVergil
Choose between Dante and Vergil
> DanteVergil
Choose between Dante and Vergil
> DanteVergil
Choose between Dante and Vergil
> DanteVergil
Choose between Dante and Vergil
> Dante
|||||||||||||
Dante's turn
> 4
Possible values: '1', '2', '3'
> a
Possible values: '1', '2', '3'
> 0
Possible values: '1', '2', '3'
> -1
Possible values: '1', '2', '3'
> _
Possible values: '1', '2', '3'
> |
Possible values: '1', '2', '3'
> |||||
Possible values: '1', '2', '3'
> 2
|||||||||||
Vergil's turn
2
|||||||||
Dante's turn
> 4
Possible values: '1', '2', '3'
> a
Possible values: '1', '2', '3'
> 0
Possible values: '1', '2', '3'
> -1
Possible values: '1', '2', '3'
> _
Possible values: '1', '2', '3'
> |
Possible values: '1', '2', '3'
> |||||
Possible values: '1', '2', '3'
> 1
||||||||
Vergil's turn
3
|||||
Dante's turn
> 4
Possible values: '1', '2', '3'
> a
Possible values: '1', '2', '3'
> 0
Possible values: '1', '2', '3'
> -1
Possible values: '1', '2', '3'
> _
Possible values: '1', '2', '3'
> |
Possible values: '1', '2', '3'
> |||||
Possible values: '1', '2', '3'
> 3
||
Vergil's turn
1
|
Dante's turn
> 4
Possible values: '1', '2', '3'
> a
Possible values: '1', '2', '3'
> 0
Possible values: '1', '2', '3'
> -1
Possible values: '1', '2', '3'
> _
Possible values: '1', '2', '3'
> |
Possible values: '1', '2', '3'
> |||||
Possible values: '1', '2', '3'
> 2
Too many pencils were taken
> 1
Vergil won
?[1;31m
Start test 21?[0m
How many pencils would you like to use?
> 17
Who will be the first (Dante, Vergil)
> DanteVergil
Choose between Dante and Vergil
> DanteVergil
Choose between Dante and Vergil
> DanteVergil
Choose between Dante and Vergil
> DanteVergil
Choose between Dante and Vergil
> DanteVergil
Choose between Dante and Vergil
> Dante
|||||||||||||||||
Dante's turn
> 4
Possible values: '1', '2', '3'
> a
Possible values: '1', '2', '3'
> 0
Possible values: '1', '2', '3'
> -1
Possible values: '1', '2', '3'
> _
Possible values: '1', '2', '3'
> |
Possible values: '1', '2', '3'
> |||||
Possible values: '1', '2', '3'
> 2
|||||||||||||||
Vergil's turn
2
|||||||||||||
Dante's turn
> 4
Possible values: '1', '2', '3'
> a
Possible values: '1', '2', '3'
> 0
Possible values: '1', '2', '3'
> -1
Possible values: '1', '2', '3'
> _
Possible values: '1', '2', '3'
> |
Possible values: '1', '2', '3'
> |||||
Possible values: '1', '2', '3'
> 3
||||||||||
Vergil's turn
1
|||||||||
Dante's turn
> 4
Possible values: '1', '2', '3'
> a
Possible values: '1', '2', '3'
> 0
Possible values: '1', '2', '3'
> -1
Possible values: '1', '2', '3'
> _
Possible values: '1', '2', '3'
> |
Possible values: '1', '2', '3'
> |||||
Possible values: '1', '2', '3'
> 1
||||||||
Vergil's turn
3
|||||
Dante's turn
> 4
Possible values: '1', '2', '3'
> a
Possible values: '1', '2', '3'
> 0
Possible values: '1', '2', '3'
> -1
Possible values: '1', '2', '3'
> _
Possible values: '1', '2', '3'
> |
Possible values: '1', '2', '3'
> |||||
Possible values: '1', '2', '3'
> 3
||
Vergil's turn
1
|
Dante's turn
> 4
Possible values: '1', '2', '3'
> a
Possible values: '1', '2', '3'
> 0
Possible values: '1', '2', '3'
> -1
Possible values: '1', '2', '3'
> _
Possible values: '1', '2', '3'
> |
Possible values: '1', '2', '3'
> |||||
Possible values: '1', '2', '3'
> 3
Too many pencils were taken
> 1
Vergil won
?[1;31m
Start test 22?[0m
How many pencils would you like to use?
> 21
Who will be the first (Dante, Vergil)
> DanteVergil
Choose between Dante and Vergil
> DanteVergil
Choose between Dante and Vergil
> DanteVergil
Choose between Dante and Vergil
> DanteVergil
Choose between Dante and Vergil
> DanteVergil
Choose between Dante and Vergil
> Dante
|||||||||||||||||||||
Dante's turn
> 4
Possible values: '1', '2', '3'
> a
Possible values: '1', '2', '3'
> 0
Possible values: '1', '2', '3'
> -1
Possible values: '1', '2', '3'
> _
Possible values: '1', '2', '3'
> |
Possible values: '1', '2', '3'
> |||||
Possible values: '1', '2', '3'
> 3
||||||||||||||||||
Vergil's turn
1
|||||||||||||||||
Dante's turn
> 4
Possible values: '1', '2', '3'
> a
Possible values: '1', '2', '3'
> 0
Possible values: '1', '2', '3'
> -1
Possible values: '1', '2', '3'
> _
Possible values: '1', '2', '3'
> |
Possible values: '1', '2', '3'
> |||||
Possible values: '1', '2', '3'
> 3
||||||||||||||
Vergil's turn
1
|||||||||||||
Dante's turn
> 4
Possible values: '1', '2', '3'
> a
Possible values: '1', '2', '3'
> 0
Possible values: '1', '2', '3'
> -1
Possible values: '1', '2', '3'
> _
Possible values: '1', '2', '3'
> |
Possible values: '1', '2', '3'
> |||||
Possible values: '1', '2', '3'
> 2
|||||||||||
Vergil's turn
2
|||||||||
Dante's turn
> 4
Possible values: '1', '2', '3'
> a
Possible values: '1', '2', '3'
> 0
Possible values: '1', '2', '3'
> -1
Possible values: '1', '2', '3'
> _
Possible values: '1', '2', '3'
> |
Possible values: '1', '2', '3'
> |||||
Possible values: '1', '2', '3'
> 3
||||||
Vergil's turn
1
|||||
Dante's turn
> 4
Possible values: '1', '2', '3'
> a
Possible values: '1', '2', '3'
> 0
Possible values: '1', '2', '3'
> -1
Possible values: '1', '2', '3'
> _
Possible values: '1', '2', '3'
> |
Possible values: '1', '2', '3'
> |||||
Possible values: '1', '2', '3'
> 1
||||
Vergil's turn
3
|
Dante's turn
> 4
Possible values: '1', '2', '3'
> a
Possible values: '1', '2', '3'
> 0
Possible values: '1', '2', '3'
> -1
Possible values: '1', '2', '3'
> _
Possible values: '1', '2', '3'
> |
Possible values: '1', '2', '3'
> |||||
Possible values: '1', '2', '3'
> 2
Too many pencils were taken
> 1
Vergil won
?[1;31m
Start test 23?[0m
How many pencils would you like to use?
> 101
Who will be the first (Dante, Vergil)
> DanteVergil
Choose between Dante and Vergil
> DanteVergil
Choose between Dante and Vergil
> DanteVergil
Choose between Dante and Vergil
> DanteVergil
Choose between Dante and Vergil
> DanteVergil
Choose between Dante and Vergil
> Dante
|||||||||||||||||||||||||||||||||||||||||||||||||||||||||||||||||||||||||||||||||||||||||||||||||||||
Dante's turn
> 4
Possible values: '1', '2', '3'
> a
Possible values: '1', '2', '3'
> 0
Possible values: '1', '2', '3'
> -1
Possible values: '1', '2', '3'
> _
Possible values: '1', '2', '3'
> |
Possible values: '1', '2', '3'
> |||||
Possible values: '1', '2', '3'
> 1
||||||||||||||||||||||||||||||||||||||||||||||||||||||||||||||||||||||||||||||||||||||||||||||||||||
Vergil's turn
3
|||||||||||||||||||||||||||||||||||||||||||||||||||||||||||||||||||||||||||||||||||||||||||||||||
Dante's turn
> 4
Possible values: '1', '2', '3'
> a
Possible values: '1', '2', '3'
> 0
Possible values: '1', '2', '3'
> -1
Possible values: '1', '2', '3'
> _
Possible values: '1', '2', '3'
> |
Possible values: '1', '2', '3'
> |||||
Possible values: '1', '2', '3'
> 1
||||||||||||||||||||||||||||||||||||||||||||||||||||||||||||||||||||||||||||||||||||||||||||||||
Vergil's turn
3
|||||||||||||||||||||||||||||||||||||||||||||||||||||||||||||||||||||||||||||||||||||||||||||
Dante's turn
> 4
Possible values: '1', '2', '3'
> a
Possible values: '1', '2', '3'
> 0
Possible values: '1', '2', '3'
> -1
Possible values: '1', '2', '3'
> _
Possible values: '1', '2', '3'
> |
Possible values: '1', '2', '3'
> |||||
Possible values: '1', '2', '3'
> 3
||||||||||||||||||||||||||||||||||||||||||||||||||||||||||||||||||||||||||||||||||||||||||
Vergil's turn
1
|||||||||||||||||||||||||||||||||||||||||||||||||||||||||||||||||||||||||||||||||||||||||
Dante's turn
> 4
Possible values: '1', '2', '3'
> a
Possible values: '1', '2', '3'
> 0
Possible values: '1', '2', '3'
> -1
Possible values: '1', '2', '3'
> _
Possible values: '1', '2', '3'
> |
Possible values: '1', '2', '3'
> |||||
Possible values: '1', '2', '3'
> 2
|||||||||||||||||||||||||||||||||||||||||||||||||||||||||||||||||||||||||||||||||||||||
Vergil's turn
2
|||||||||||||||||||||||||||||||||||||||||||||||||||||||||||||||||||||||||||||||||||||
Dante's turn
> 4
Possible values: '1', '2', '3'
> a
Possible values: '1', '2', '3'
> 0
Possible values: '1', '2', '3'
> -1
Possible values: '1', '2', '3'
> _
Possible values: '1', '2', '3'
> |
Possible values: '1', '2', '3'
> |||||
Possible values: '1', '2', '3'
> 3
||||||||||||||||||||||||||||||||||||||||||||||||||||||||||||||||||||||||||||||||||
Vergil's turn
1
|||||||||||||||||||||||||||||||||||||||||||||||||||||||||||||||||||||||||||||||||
Dante's turn
> 4
Possible values: '1', '2', '3'
> a
Possible values: '1', '2', '3'
> 0
Possible values: '1', '2', '3'
> -1
Possible values: '1', '2', '3'
> _
Possible values: '1', '2', '3'
> |
Possible values: '1', '2', '3'
> |||||
Possible values: '1', '2', '3'
> 1
||||||||||||||||||||||||||||||||||||||||||||||||||||||||||||||||||||||||||||||||
Vergil's turn
3
|||||||||||||||||||||||||||||||||||||||||||||||||||||||||||||||||||||||||||||
Dante's turn
> 4
Possible values: '1', '2', '3'
> a
Possible values: '1', '2', '3'
> 0
Possible values: '1', '2', '3'
> -1
Possible values: '1', '2', '3'
> _
Possible values: '1', '2', '3'
> |
Possible values: '1', '2', '3'
> |||||
Possible values: '1', '2', '3'
> 3
||||||||||||||||||||||||||||||||||||||||||||||||||||||||||||||||||||||||||
Vergil's turn
1
|||||||||||||||||||||||||||||||||||||||||||||||||||||||||||||||||||||||||
Dante's turn
> 4
Possible values: '1', '2', '3'
> a
Possible values: '1', '2', '3'
> 0
Possible values: '1', '2', '3'
> -1
Possible values: '1', '2', '3'
> _
Possible values: '1', '2', '3'
> |
Possible values: '1', '2', '3'
> |||||
Possible values: '1', '2', '3'
> 1
||||||||||||||||||||||||||||||||||||||||||||||||||||||||||||||||||||||||
Vergil's turn
3
|||||||||||||||||||||||||||||||||||||||||||||||||||||||||||||||||||||
Dante's turn
> 4
Possible values: '1', '2', '3'
> a
Possible values: '1', '2', '3'
> 0
Possible values: '1', '2', '3'
> -1
Possible values: '1', '2', '3'
> _
Possible values: '1', '2', '3'
> |
Possible values: '1', '2', '3'
> |||||
Possible values: '1', '2', '3'
> 1
||||||||||||||||||||||||||||||||||||||||||||||||||||||||||||||||||||
Vergil's turn
3
|||||||||||||||||||||||||||||||||||||||||||||||||||||||||||||||||
Dante's turn
> 4
Possible values: '1', '2', '3'
> a
Possible values: '1', '2', '3'
> 0
Possible values: '1', '2', '3'
> -1
Possible values: '1', '2', '3'
> _
Possible values: '1', '2', '3'
> |
Possible values: '1', '2', '3'
> |||||
Possible values: '1', '2', '3'
> 3
||||||||||||||||||||||||||||||||||||||||||||||||||||||||||||||
Vergil's turn
1
|||||||||||||||||||||||||||||||||||||||||||||||||||||||||||||
Dante's turn
> 4
Possible values: '1', '2', '3'
> a
Possible values: '1', '2', '3'
> 0
Possible values: '1', '2', '3'
> -1
Possible values: '1', '2', '3'
> _
Possible values: '1', '2', '3'
> |
Possible values: '1', '2', '3'
> |||||
Possible values: '1', '2', '3'
> 1
||||||||||||||||||||||||||||||||||||||||||||||||||||||||||||
Vergil's turn
3
|||||||||||||||||||||||||||||||||||||||||||||||||||||||||
Dante's turn
> 4
Possible values: '1', '2', '3'
> a
Possible values: '1', '2', '3'
> 0
Possible values: '1', '2', '3'
> -1
Possible values: '1', '2', '3'
> _
Possible values: '1', '2', '3'
> |
Possible values: '1', '2', '3'
> |||||
Possible values: '1', '2', '3'
> 2
|||||||||||||||||||||||||||||||||||||||||||||||||||||||
Vergil's turn
2
|||||||||||||||||||||||||||||||||||||||||||||||||||||
Dante's turn
> 4
Possible values: '1', '2', '3'
> a
Possible values: '1', '2', '3'
> 0
Possible values: '1', '2', '3'
> -1
Possible values: '1', '2', '3'
> _
Possible values: '1', '2', '3'
> |
Possible values: '1', '2', '3'
> |||||
Possible values: '1', '2', '3'
> 3
||||||||||||||||||||||||||||||||||||||||||||||||||
Vergil's turn
1
|||||||||||||||||||||||||||||||||||||||||||||||||
Dante's turn
> 4
Possible values: '1', '2', '3'
> a
Possible values: '1', '2', '3'
> 0
Possible values: '1', '2', '3'
> -1
Possible values: '1', '2', '3'
> _
Possible values: '1', '2', '3'
> |
Possible values: '1', '2', '3'
> |||||
Possible values: '1', '2', '3'
> 3
||||||||||||||||||||||||||||||||||||||||||||||
Vergil's turn
1
|||||||||||||||||||||||||||||||||||||||||||||
Dante's turn
> 4
Possible values: '1', '2', '3'
> a
Possible values: '1', '2', '3'
> 0
Possible values: '1', '2', '3'
> -1
Possible values: '1', '2', '3'
> _
Possible values: '1', '2', '3'
> |
Possible values: '1', '2', '3'
> |||||
Possible values: '1', '2', '3'
> 2
|||||||||||||||||||||||||||||||||||||||||||
Vergil's turn
2
|||||||||||||||||||||||||||||||||||||||||
Dante's turn
> 4
Possible values: '1', '2', '3'
> a
Possible values: '1', '2', '3'
> 0
Possible values: '1', '2', '3'
> -1
Possible values: '1', '2', '3'
> _
Possible values: '1', '2', '3'
> |
Possible values: '1', '2', '3'
> |||||
Possible values: '1', '2', '3'
> 1
||||||||||||||||||||||||||||||||||||||||
Vergil's turn
3
|||||||||||||||||||||||||||||||||||||
Dante's turn
> 4
Possible values: '1', '2', '3'
> a
Possible values: '1', '2', '3'
> 0
Possible values: '1', '2', '3'
> -1
Possible values: '1', '2', '3'
> _
Possible values: '1', '2', '3'
> |
Possible values: '1', '2', '3'
> |||||
Possible values: '1', '2', '3'
> 2
|||||||||||||||||||||||||||||||||||
Vergil's turn
2
|||||||||||||||||||||||||||||||||
Dante's turn
> 4
Possible values: '1', '2', '3'
> a
Possible values: '1', '2', '3'
> 0
Possible values: '1', '2', '3'
> -1
Possible values: '1', '2', '3'
> _
Possible values: '1', '2', '3'
> |
Possible values: '1', '2', '3'
> |||||
Possible values: '1', '2', '3'
> 2
|||||||||||||||||||||||||||||||
Vergil's turn
2
|||||||||||||||||||||||||||||
Dante's turn
> 4
Possible values: '1', '2', '3'
> a
Possible values: '1', '2', '3'
> 0
Possible values: '1', '2', '3'
> -1
Possible values: '1', '2', '3'
> _
Possible values: '1', '2', '3'
> |
Possible values: '1', '2', '3'
> |||||
Possible values: '1', '2', '3'
> 3
||||||||||||||||||||||||||
Vergil's turn
1
|||||||||||||||||||||||||
Dante's turn
> 4
Possible values: '1', '2', '3'
> a
Possible values: '1', '2', '3'
> 0
Possible values: '1', '2', '3'
> -1
Possible values: '1', '2', '3'
> _
Possible values: '1', '2', '3'
> |
Possible values: '1', '2', '3'
> |||||
Possible values: '1', '2', '3'
> 2
|||||||||||||||||||||||
Vergil's turn
2
|||||||||||||||||||||
Dante's turn
> 4
Possible values: '1', '2', '3'
> a
Possible values: '1', '2', '3'
> 0
Possible values: '1', '2', '3'
> -1
Possible values: '1', '2', '3'
> _
Possible values: '1', '2', '3'
> |
Possible values: '1', '2', '3'
> |||||
Possible values: '1', '2', '3'
> 3
||||||||||||||||||
Vergil's turn
1
|||||||||||||||||
Dante's turn
> 4
Possible values: '1', '2', '3'
> a
Possible values: '1', '2', '3'
> 0
Possible values: '1', '2', '3'
> -1
Possible values: '1', '2', '3'
> _
Possible values: '1', '2', '3'
> |
Possible values: '1', '2', '3'
> |||||
Possible values: '1', '2', '3'
> 2
|||||||||||||||
Vergil's turn
2
|||||||||||||
Dante's turn
> 4
Possible values: '1', '2', '3'
> a
Possible values: '1', '2', '3'
> 0
Possible values: '1', '2', '3'
> -1
Possible values: '1', '2', '3'
> _
Possible values: '1', '2', '3'
> |
Possible values: '1', '2', '3'
> |||||
Possible values: '1', '2', '3'
> 2
|||||||||||
Vergil's turn
2
|||||||||
Dante's turn
> 4
Possible values: '1', '2', '3'
> a
Possible values: '1', '2', '3'
> 0
Possible values: '1', '2', '3'
> -1
Possible values: '1', '2', '3'
> _
Possible values: '1', '2', '3'
> |
Possible values: '1', '2', '3'
> |||||
Possible values: '1', '2', '3'
> 2
|||||||
Vergil's turn
2
|||||
Dante's turn
> 4
Possible values: '1', '2', '3'
> a
Possible values: '1', '2', '3'
> 0
Possible values: '1', '2', '3'
> -1
Possible values: '1', '2', '3'
> _
Possible values: '1', '2', '3'
> |
Possible values: '1', '2', '3'
> |||||
Possible values: '1', '2', '3'
> 2
|||
Vergil's turn
2
|
Dante's turn
> 4
Possible values: '1', '2', '3'
> a
Possible values: '1', '2', '3'
> 0
Possible values: '1', '2', '3'
> -1
Possible values: '1', '2', '3'
> _
Possible values: '1', '2', '3'
> |
Possible values: '1', '2', '3'
> |||||
Possible values: '1', '2', '3'
> 2
Too many pencils were taken
> 1
Vergil won
?[1;31m
Start test 24?[0m
How many pencils would you like to use?
> 2
Who will be the first (Dante, Vergil)
> DanteVergil
Choose between Dante and Vergil
> DanteVergil
Choose between Dante and Vergil
> DanteVergil
Choose between Dante and Vergil
> DanteVergil
Choose between Dante and Vergil
> DanteVergil
Choose between Dante and Vergil
> Vergil
||
Vergil's turn
]]></system-out>
  <system-err><![CDATA[]]></system-err>
</testsuite>
